VCD[live][Fig1_architecture_dpmm] FAIL warn=5 info=84 types=annotation_data_overlap=83, text_overlap=4, bold_usage=1, low_contrast_text=1
  [1/5] [low_contrast_text] 1 text(s) with low contrast: 'Attention' contrast=2.0:1
  [2/5] [text_overlap] 'annotation: DPMM-Base' overlaps 'annotation: (a)'
  [3/5] [text_overlap] 'annotation: DPMM-Contrastive' overlaps 'annotation: (c)'
  ... +2 more warning(s)
/home/zeyufu/miniconda3/envs/dl/lib/python3.13/site-packages/umap/umap_.py:1952: UserWarning: n_jobs value 1 overridden to 1 by setting random_state. Use no seed for parallelism.
  warn(
/home/zeyufu/miniconda3/envs/dl/lib/python3.13/site-packages/umap/umap_.py:1952: UserWarning: n_jobs value 1 overridden to 1 by setting random_state. Use no seed for parallelism.
  warn(
/home/zeyufu/miniconda3/envs/dl/lib/python3.13/site-packages/umap/umap_.py:1952: UserWarning: n_jobs value 1 overridden to 1 by setting random_state. Use no seed for parallelism.
  warn(
/home/zeyufu/miniconda3/envs/dl/lib/python3.13/site-packages/umap/umap_.py:1952: UserWarning: n_jobs value 1 overridden to 1 by setting random_state. Use no seed for parallelism.
  warn(
/home/zeyufu/miniconda3/envs/dl/lib/python3.13/site-packages/umap/umap_.py:1952: UserWarning: n_jobs value 1 overridden to 1 by setting random_state. Use no seed for parallelism.
  warn(
/home/zeyufu/miniconda3/envs/dl/lib/python3.13/site-packages/umap/umap_.py:1952: UserWarning: n_jobs value 1 overridden to 1 by setting random_state. Use no seed for parallelism.
  warn(
VCD[live][Fig2_base_ablation_dpmm] FAIL warn=30 info=13 types=floating_significance=12, text_truncation=9, text_overlap=8, colorblind_confusable=6, +3 more
  [1/30] [cross_axes_text_overlap] xtick 'P-Tfm-AE' (axes 10) overlaps title 'Parameters' (axes 14) -- 527 px²; consider increasing hspace/wspace
  [2/30] [floating_significance] Significance marker '*' in 'ax@0x728660e65450' is 150px from nearest data element (>50.0px threshold)
  [3/30] [floating_significance] Significance marker '***' in 'ax@0x728660e65450' is 113px from nearest data element (>50.0px threshold)
  ... +27 more warning(s)
/home/zeyufu/miniconda3/envs/dl/lib/python3.13/site-packages/umap/umap_.py:1952: UserWarning: n_jobs value 1 overridden to 1 by setting random_state. Use no seed for parallelism.
  warn(
/home/zeyufu/miniconda3/envs/dl/lib/python3.13/site-packages/umap/umap_.py:1952: UserWarning: n_jobs value 1 overridden to 1 by setting random_state. Use no seed for parallelism.
  warn(
/home/zeyufu/miniconda3/envs/dl/lib/python3.13/site-packages/umap/umap_.py:1952: UserWarning: n_jobs value 1 overridden to 1 by setting random_state. Use no seed for parallelism.
  warn(
/home/zeyufu/miniconda3/envs/dl/lib/python3.13/site-packages/umap/umap_.py:1952: UserWarning: n_jobs value 1 overridden to 1 by setting random_state. Use no seed for parallelism.
  warn(
/home/zeyufu/miniconda3/envs/dl/lib/python3.13/site-packages/umap/umap_.py:1952: UserWarning: n_jobs value 1 overridden to 1 by setting random_state. Use no seed for parallelism.
  warn(
/home/zeyufu/miniconda3/envs/dl/lib/python3.13/site-packages/umap/umap_.py:1952: UserWarning: n_jobs value 1 overridden to 1 by setting random_state. Use no seed for parallelism.
  warn(
/home/zeyufu/miniconda3/envs/dl/lib/python3.13/site-packages/umap/umap_.py:1952: UserWarning: n_jobs value 1 overridden to 1 by setting random_state. Use no seed for parallelism.
  warn(
/home/zeyufu/miniconda3/envs/dl/lib/python3.13/site-packages/umap/umap_.py:1952: UserWarning: n_jobs value 1 overridden to 1 by setting random_state. Use no seed for parallelism.
  warn(
/home/zeyufu/miniconda3/envs/dl/lib/python3.13/site-packages/umap/umap_.py:1952: UserWarning: n_jobs value 1 overridden to 1 by setting random_state. Use no seed for parallelism.
  warn(
/home/zeyufu/miniconda3/envs/dl/lib/python3.13/site-packages/umap/umap_.py:1952: UserWarning: n_jobs value 1 overridden to 1 by setting random_state. Use no seed for parallelism.
  warn(
VCD[live][Fig5_crossdataset_dpmm] FAIL warn=12 info=2 types=legend_artist_masking=8, cross_axes_text_overlap=2, text_overlap=2, bold_usage=1, +1 more
  [1/12] [cross_axes_text_overlap] xtick '0.8' (axes 3) overlaps xtick '0.0' (axes 4) -- 160 px²; consider increasing hspace/wspace
  [2/12] [cross_axes_text_overlap] ytick '0.0' (axes 2) overlaps ytick '0.9' (axes 5) -- 129 px²; consider increasing hspace/wspace
  [3/12] [legend_artist_masking] Legend masks 'xlabel: ASW' (100%, 443 px²)
  ... +9 more warning(s)
VCD[live][Fig8_umap_dpmm] FAIL warn=45 info=1 types=cross_axes_text_overlap=45, bold_usage=1
  [1/45] [cross_axes_text_overlap] xtick '1.0' (axes 0) overlaps xtick '0.0' (axes 1) -- 60 px²; consider increasing hspace/wspace
  [2/45] [cross_axes_text_overlap] xtick '1.0' (axes 1) overlaps xtick '0.0' (axes 2) -- 60 px²; consider increasing hspace/wspace
  [3/45] [cross_axes_text_overlap] xtick '1.0' (axes 10) overlaps xtick '0.0' (axes 11) -- 60 px²; consider increasing hspace/wspace
  ... +42 more warning(s)
VCD[live][Fig10_external_dpmm] FAIL warn=9 info=8 types=colorblind_confusable=6, label_density_excess=6, text_truncation=3, bold_usage=1, +1 more
  [1/9] [label_density_excess] X-tick labels in 'ax@0x728652a70910' fill 95% of axis width (max_len=3 chars)
  [2/9] [label_density_excess] X-tick labels in 'ax@0x728652b14cd0' fill 95% of axis width (max_len=3 chars)
  [3/9] [label_density_excess] X-tick labels in 'ax@0x7286534a6350' fill 95% of axis width (max_len=3 chars)
  ... +6 more warning(s)

============================================================
  Fig 1: Architecture Overview
============================================================
  ✓ Fig1_architecture_dpmm.png

============================================================
  Fig 2: Base Ablation
============================================================
  ✓ Fig2_base_ablation_dpmm.png

============================================================
  Fig 3: Sensitivity Analysis
============================================================
  ✓ Fig3_sensitivity_dpmm.png

============================================================
  Fig 4: Training UMAPs
============================================================
  ✓ Fig4_training_dpmm.png

============================================================
  Fig 5: Cross-Dataset
============================================================
  ✓ Fig5_crossdataset_dpmm.png

============================================================
  Fig 6: Biological Heatmaps
============================================================
  ✓ Fig6_biological_dpmm.png

============================================================
  Fig 7: Latent-Gene Corr.
============================================================
  ✓ Fig7_correlation_dpmm.png

============================================================
  Fig 8: Latent UMAP Proj.
============================================================
  ✓ Fig8_umap_dpmm.png

============================================================
  Fig 9: GO Enrichment
============================================================
  ✓ Fig9_enrichment_dpmm.png

============================================================
  Fig 10: External Benchmark
============================================================
  ✓ Fig10_external_dpmm.png

  Done: 10 OK, 0 failed → /home/zeyufu/Desktop/PanODE-DPMM/refined_figures/output/dpmm
