/home/zeyufu/miniconda3/envs/dl/lib/python3.13/site-packages/umap/umap_.py:1952: UserWarning: n_jobs value 1 overridden to 1 by setting random_state. Use no seed for parallelism.
  warn(
/home/zeyufu/miniconda3/envs/dl/lib/python3.13/site-packages/umap/umap_.py:1952: UserWarning: n_jobs value 1 overridden to 1 by setting random_state. Use no seed for parallelism.
  warn(
/home/zeyufu/miniconda3/envs/dl/lib/python3.13/site-packages/umap/umap_.py:1952: UserWarning: n_jobs value 1 overridden to 1 by setting random_state. Use no seed for parallelism.
  warn(
/home/zeyufu/miniconda3/envs/dl/lib/python3.13/site-packages/umap/umap_.py:1952: UserWarning: n_jobs value 1 overridden to 1 by setting random_state. Use no seed for parallelism.
  warn(
/home/zeyufu/miniconda3/envs/dl/lib/python3.13/site-packages/umap/umap_.py:1952: UserWarning: n_jobs value 1 overridden to 1 by setting random_state. Use no seed for parallelism.
  warn(
/home/zeyufu/miniconda3/envs/dl/lib/python3.13/site-packages/umap/umap_.py:1952: UserWarning: n_jobs value 1 overridden to 1 by setting random_state. Use no seed for parallelism.
  warn(
/home/zeyufu/miniconda3/envs/dl/lib/python3.13/site-packages/umap/umap_.py:1952: UserWarning: n_jobs value 1 overridden to 1 by setting random_state. Use no seed for parallelism.
  warn(
/home/zeyufu/miniconda3/envs/dl/lib/python3.13/site-packages/umap/umap_.py:1952: UserWarning: n_jobs value 1 overridden to 1 by setting random_state. Use no seed for parallelism.
  warn(
/home/zeyufu/miniconda3/envs/dl/lib/python3.13/site-packages/umap/umap_.py:1952: UserWarning: n_jobs value 1 overridden to 1 by setting random_state. Use no seed for parallelism.
  warn(
/home/zeyufu/miniconda3/envs/dl/lib/python3.13/site-packages/umap/umap_.py:1952: UserWarning: n_jobs value 1 overridden to 1 by setting random_state. Use no seed for parallelism.
  warn(
/home/zeyufu/miniconda3/envs/dl/lib/python3.13/site-packages/umap/umap_.py:1952: UserWarning: n_jobs value 1 overridden to 1 by setting random_state. Use no seed for parallelism.
  warn(
VCD[live][Fig8_enrichment_dpmm] WARN warn=1 info=1 types=bold_usage=1, text_truncation=1
  [1/1] [text_truncation] 'xtick: 10' extends beyond figure border (right, 16px)

============================================================
  Fig 1: Architecture Overview
============================================================
  ✓ Fig1_architecture_dpmm.png

============================================================
  Fig 2: Base Ablation
============================================================
  ✓ Fig2_base_ablation_dpmm.png

============================================================
  Fig 3: Sensitivity Analysis
============================================================
  ✓ Fig3_sensitivity_dpmm.png

============================================================
  Fig 4: Training UMAPs
============================================================
  ✓ Fig4_training_dpmm.png

============================================================
  Fig 8: GO Enrichment
============================================================
  ✓ Fig8_enrichment_dpmm.png

============================================================
  Fig 9: External Benchmark
============================================================
  ✓ Fig9_external_dpmm.png

  Done: 6 OK, 0 failed → /home/zeyufu/Desktop/PanODE-DPMM/refined_figures/output/dpmm
