VCD[live][Fig1_architecture_dpmm] FAIL warn=3 info=74 types=annotation_data_overlap=73, text_overlap=3, bold_usage=1
  [1/3] [text_overlap] 'annotation: MLP encoder
+ online DPMM refitting' overlaps 'annotation: Gene
Expression'
  [2/3] [text_overlap] 'annotation: MoCo projection
head' overlaps 'annotation: Gene
Expression'
  [3/3] [text_overlap] 'annotation: Multi-head projection
encoder' overlaps 'annotation: Gene
Expression'
/home/zeyufu/miniconda3/envs/dl/lib/python3.13/site-packages/umap/umap_.py:1952: UserWarning: n_jobs value 1 overridden to 1 by setting random_state. Use no seed for parallelism.
  warn(
/home/zeyufu/miniconda3/envs/dl/lib/python3.13/site-packages/umap/umap_.py:1952: UserWarning: n_jobs value 1 overridden to 1 by setting random_state. Use no seed for parallelism.
  warn(
/home/zeyufu/miniconda3/envs/dl/lib/python3.13/site-packages/umap/umap_.py:1952: UserWarning: n_jobs value 1 overridden to 1 by setting random_state. Use no seed for parallelism.
  warn(
/home/zeyufu/miniconda3/envs/dl/lib/python3.13/site-packages/umap/umap_.py:1952: UserWarning: n_jobs value 1 overridden to 1 by setting random_state. Use no seed for parallelism.
  warn(
/home/zeyufu/miniconda3/envs/dl/lib/python3.13/site-packages/umap/umap_.py:1952: UserWarning: n_jobs value 1 overridden to 1 by setting random_state. Use no seed for parallelism.
  warn(
/home/zeyufu/miniconda3/envs/dl/lib/python3.13/site-packages/umap/umap_.py:1952: UserWarning: n_jobs value 1 overridden to 1 by setting random_state. Use no seed for parallelism.
  warn(
VCD[live][Fig2_base_ablation_dpmm] FAIL warn=30 info=13 types=floating_significance=12, text_truncation=9, text_overlap=8, colorblind_confusable=6, +3 more
  [1/30] [cross_axes_text_overlap] xtick 'P-Tfm-AE' (axes 10) overlaps title 'Parameters' (axes 14) -- 527 px²; consider increasing hspace/wspace
  [2/30] [floating_significance] Significance marker '*' in 'ax@0x79d1881c5310' is 150px from nearest data element (>50.0px threshold)
  [3/30] [floating_significance] Significance marker '***' in 'ax@0x79d1881c5310' is 113px from nearest data element (>50.0px threshold)
  ... +27 more warning(s)
VCD[live][Fig3_sensitivity_dpmm] FAIL warn=42 info=1 types=text_overlap=24, cross_axes_text_overlap=18, bold_usage=1
  [1/42] [cross_axes_text_overlap] xtick '0.4' (axes 0) overlaps title 'NMI ↑' (axes 6) -- 210 px²; consider increasing hspace/wspace
  [2/42] [cross_axes_text_overlap] xtick '0.4' (axes 1) overlaps title 'ARI ↑' (axes 7) -- 210 px²; consider increasing hspace/wspace
  [3/42] [cross_axes_text_overlap] xtick '0.4' (axes 2) overlaps title 'ASW ↑' (axes 8) -- 210 px²; consider increasing hspace/wspace
  ... +39 more warning(s)
/home/zeyufu/miniconda3/envs/dl/lib/python3.13/site-packages/umap/umap_.py:1952: UserWarning: n_jobs value 1 overridden to 1 by setting random_state. Use no seed for parallelism.
  warn(
/home/zeyufu/miniconda3/envs/dl/lib/python3.13/site-packages/umap/umap_.py:1952: UserWarning: n_jobs value 1 overridden to 1 by setting random_state. Use no seed for parallelism.
  warn(
/home/zeyufu/miniconda3/envs/dl/lib/python3.13/site-packages/umap/umap_.py:1952: UserWarning: n_jobs value 1 overridden to 1 by setting random_state. Use no seed for parallelism.
  warn(
/home/zeyufu/miniconda3/envs/dl/lib/python3.13/site-packages/umap/umap_.py:1952: UserWarning: n_jobs value 1 overridden to 1 by setting random_state. Use no seed for parallelism.
  warn(
/home/zeyufu/miniconda3/envs/dl/lib/python3.13/site-packages/umap/umap_.py:1952: UserWarning: n_jobs value 1 overridden to 1 by setting random_state. Use no seed for parallelism.
  warn(
/home/zeyufu/miniconda3/envs/dl/lib/python3.13/site-packages/umap/umap_.py:1952: UserWarning: n_jobs value 1 overridden to 1 by setting random_state. Use no seed for parallelism.
  warn(
/home/zeyufu/miniconda3/envs/dl/lib/python3.13/site-packages/umap/umap_.py:1952: UserWarning: n_jobs value 1 overridden to 1 by setting random_state. Use no seed for parallelism.
  warn(
VCD[live][Fig4_training_dpmm] FAIL warn=5 info=4 types=cross_axes_text_overlap=5, overplotted_scatter=3, bold_usage=1
  [1/5] [cross_axes_text_overlap] xtick '0.0' (axes 0) overlaps title 'latent_dim=5' (axes 4) -- 90 px²; consider increasing hspace/wspace
  [2/5] [cross_axes_text_overlap] xtick '0.0' (axes 1) overlaps title 'latent_dim=10' (axes 5) -- 90 px²; consider increasing hspace/wspace
  [3/5] [cross_axes_text_overlap] xtick '0.0' (axes 10) overlaps title 'hvg_top_genes=3000' (axes 14) -- 91 px²; consider increasing hspace/wspace
  ... +2 more warning(s)
VCD[live][Fig8_enrichment_dpmm] WARN warn=2 info=2 types=text_truncation=2, bold_usage=1, scale_inconsistency=1
  [1/2] [text_truncation] 'xtick: 5.5' extends beyond figure border (right, 56px)
  [2/2] [text_truncation] 'xtick: 8' extends beyond figure border (right, 22px)
VCD[live][Fig9_external_dpmm] FAIL warn=32 info=3 types=text_overlap=24, label_density_excess=8, text_truncation=2, bold_usage=1
  [1/32] [label_density_excess] X-tick labels in 'ax@0x79d1868c8550' fill 122% of axis width (max_len=6 chars)
  [2/32] [label_density_excess] X-tick labels in 'ax@0x79d186dfac10' fill 122% of axis width (max_len=6 chars)
  [3/32] [label_density_excess] X-tick labels in 'ax@0x79d186ee8b90' fill 122% of axis width (max_len=6 chars)
  ... +29 more warning(s)

============================================================
  Fig 1: Architecture Overview
============================================================
  ✓ Fig1_architecture_dpmm.png

============================================================
  Fig 2: Base Ablation
============================================================
  ✓ Fig2_base_ablation_dpmm.png

============================================================
  Fig 3: Sensitivity Analysis
============================================================
  ✓ Fig3_sensitivity_dpmm.png

============================================================
  Fig 4: Training UMAPs
============================================================
  ✓ Fig4_training_dpmm.png

============================================================
  Fig 5: Biological Heatmaps
============================================================
  ✓ Fig5_biological_dpmm.png

============================================================
  Fig 6: Latent-Gene Corr.
============================================================
  ✓ Fig6_correlation_dpmm.png

============================================================
  Fig 7: Latent UMAP Proj.
============================================================
  ✓ Fig7_umap_dpmm.png

============================================================
  Fig 8: GO Enrichment
============================================================
  ✓ Fig8_enrichment_dpmm.png

============================================================
  Fig 9: External Benchmark
============================================================
  ✓ Fig9_external_dpmm.png

  Done: 9 OK, 0 failed → /home/zeyufu/Desktop/PanODE-DPMM/refined_figures/output/dpmm
