============================================================
 PARALLEL BENCHMARK EXECUTION
 Thu Mar  5 10:45:57 PM CST 2026
 GPU streams: 4 × full_comparison + 5 × external groups
============================================================

=== Launching 4 parallel full_comparison_all streams ===
  Stream A (PID 22450): 10 datasets
  Stream B (PID 22451): 10 datasets
  Stream C (PID 22452): 9 datasets
  Stream D (PID 22453): 9 datasets

=== Launching 5 parallel external benchmark group streams ===
  Generative (PID 22454): 8 models × 56 datasets -> external/generative/
  Gaussian Geometric (PID 22455): 5 models × 56 datasets -> external/gaussian_geometric/
  Disentanglement (PID 22456): 4 models × 56 datasets -> external/disentanglement/
  Graph & Contrastive (PID 22457): 3 models × 56 datasets -> external/graph_contrastive/
  scVI Family (PID 22458): 3 models × 56 datasets -> external/scvi_family/

=== All 9 streams launched ===
  Full Comparison PIDs: 22450 22451 22452 22453
  External PIDs: 22454 22455 22456 22457 22458

Monitoring progress... (check logs in scripts/parallel_logs)

Waiting for full_comparison_all streams...
