============================================================
 WATCHDOG + RESUME PIPELINE
 Fri Mar  6 08:32:37 AM CST 2026
============================================================

[2026-03-06 08:32:37] Iteration 1
  FC: 43/56 | Ext: gen=10 gauss=21 graph=49 disent=56 scvi=56
  Procs: 0 | GPU: 840 MiB, 13 %
  [LAUNCH] FC stream A
  [LAUNCH] FC stream B
  [LAUNCH] FC stream C
  [LAUNCH] FC stream D
  [LAUNCH] External generative (10/56 done)
  [LAUNCH] External gaussian_geometric (21/56 done)
  [LAUNCH] External graph_contrastive (49/56 done)

[2026-03-06 08:37:37] Iteration 2
  FC: 43/56 | Ext: gen=10 gauss=21 graph=49 disent=56 scvi=56
  Procs: 7 | GPU: 3430 MiB, 25 %

[2026-03-06 08:42:38] Iteration 3
  FC: 43/56 | Ext: gen=10 gauss=21 graph=50 disent=56 scvi=56
  Procs: 7 | GPU: 3580 MiB, 10 %

[2026-03-06 08:47:38] Iteration 4
  FC: 43/56 | Ext: gen=10 gauss=21 graph=51 disent=56 scvi=56
  Procs: 7 | GPU: 3461 MiB, 91 %

[2026-03-06 08:52:38] Iteration 5
  FC: 43/56 | Ext: gen=10 gauss=21 graph=51 disent=56 scvi=56
  Procs: 7 | GPU: 3505 MiB, 33 %

[2026-03-06 08:57:38] Iteration 6
  FC: 43/56 | Ext: gen=10 gauss=22 graph=52 disent=56 scvi=56
  Procs: 7 | GPU: 3591 MiB, 61 %

[2026-03-06 09:02:39] Iteration 7
  FC: 43/56 | Ext: gen=10 gauss=22 graph=53 disent=56 scvi=56
  Procs: 7 | GPU: 3649 MiB, 90 %

[2026-03-06 09:07:39] Iteration 8
  FC: 43/56 | Ext: gen=10 gauss=22 graph=53 disent=56 scvi=56
  Procs: 7 | GPU: 4165 MiB, 82 %

[2026-03-06 09:12:39] Iteration 9
  FC: 43/56 | Ext: gen=10 gauss=22 graph=54 disent=56 scvi=56
  Procs: 7 | GPU: 4155 MiB, 94 %

[2026-03-06 09:17:39] Iteration 10
  FC: 43/56 | Ext: gen=10 gauss=22 graph=55 disent=56 scvi=56
  Procs: 7 | GPU: 4236 MiB, 48 %

[2026-03-06 09:22:39] Iteration 11
  FC: 43/56 | Ext: gen=11 gauss=23 graph=56 disent=56 scvi=56
  Procs: 6 | GPU: 3211 MiB, 32 %

[2026-03-06 09:27:40] Iteration 12
  FC: 43/56 | Ext: gen=11 gauss=23 graph=56 disent=56 scvi=56
  Procs: 6 | GPU: 3382 MiB, 91 %

[2026-03-06 09:32:40] Iteration 13
  FC: 43/56 | Ext: gen=11 gauss=23 graph=56 disent=56 scvi=56
  Procs: 6 | GPU: 3373 MiB, 30 %

[2026-03-06 09:37:40] Iteration 14
  FC: 43/56 | Ext: gen=11 gauss=23 graph=56 disent=56 scvi=56
  Procs: 6 | GPU: 3645 MiB, 63 %

[2026-03-06 09:42:41] Iteration 15
  FC: 44/56 | Ext: gen=11 gauss=24 graph=56 disent=56 scvi=56
  Procs: 6 | GPU: 3306 MiB, 56 %

[2026-03-06 09:47:41] Iteration 16
  FC: 46/56 | Ext: gen=11 gauss=24 graph=56 disent=56 scvi=56
  Procs: 6 | GPU: 3249 MiB, 86 %

[2026-03-06 09:52:41] Iteration 17
  FC: 47/56 | Ext: gen=11 gauss=24 graph=56 disent=56 scvi=56
  Procs: 6 | GPU: 3935 MiB, 83 %

[2026-03-06 09:57:42] Iteration 18
  FC: 47/56 | Ext: gen=11 gauss=24 graph=56 disent=56 scvi=56
  Procs: 6 | GPU: 3994 MiB, 96 %

[2026-03-06 10:02:42] Iteration 19
  FC: 47/56 | Ext: gen=12 gauss=25 graph=56 disent=56 scvi=56
  Procs: 6 | GPU: 3287 MiB, 26 %

[2026-03-06 10:07:42] Iteration 20
  FC: 47/56 | Ext: gen=12 gauss=25 graph=56 disent=56 scvi=56
  Procs: 6 | GPU: 3542 MiB, 89 %

[2026-03-06 10:12:42] Iteration 21
  FC: 47/56 | Ext: gen=12 gauss=25 graph=56 disent=56 scvi=56
  Procs: 6 | GPU: 3324 MiB, 37 %

[2026-03-06 10:17:42] Iteration 22
  FC: 47/56 | Ext: gen=12 gauss=25 graph=56 disent=56 scvi=56
  Procs: 6 | GPU: 3137 MiB, 10 %

[2026-03-06 10:22:43] Iteration 23
  FC: 47/56 | Ext: gen=12 gauss=26 graph=56 disent=56 scvi=56
  Procs: 6 | GPU: 3437 MiB, 91 %

[2026-03-06 10:27:43] Iteration 24
  FC: 47/56 | Ext: gen=12 gauss=26 graph=56 disent=56 scvi=56
  Procs: 6 | GPU: 3900 MiB, 94 %

[2026-03-06 10:32:43] Iteration 25
  FC: 47/56 | Ext: gen=12 gauss=26 graph=56 disent=56 scvi=56
  Procs: 6 | GPU: 3941 MiB, 95 %

[2026-03-06 10:37:43] Iteration 26
  FC: 47/56 | Ext: gen=12 gauss=27 graph=56 disent=56 scvi=56
  Procs: 6 | GPU: 4158 MiB, 48 %

[2026-03-06 10:42:43] Iteration 27
  FC: 48/56 | Ext: gen=13 gauss=27 graph=56 disent=56 scvi=56
  Procs: 6 | GPU: 3366 MiB, 75 %

[2026-03-06 10:47:44] Iteration 28
  FC: 49/56 | Ext: gen=13 gauss=27 graph=56 disent=56 scvi=56
  Procs: 6 | GPU: 4594 MiB, 97 %

[2026-03-06 10:52:44] Iteration 29
  FC: 51/56 | Ext: gen=13 gauss=27 graph=56 disent=56 scvi=56
  Procs: 6 | GPU: 3855 MiB, 96 %

[2026-03-06 10:57:44] Iteration 30
  FC: 51/56 | Ext: gen=13 gauss=28 graph=56 disent=56 scvi=56
  Procs: 6 | GPU: 3946 MiB, 96 %

[2026-03-06 11:02:44] Iteration 31
  FC: 51/56 | Ext: gen=13 gauss=28 graph=56 disent=56 scvi=56
  Procs: 6 | GPU: 4136 MiB, 92 %

[2026-03-06 11:07:44] Iteration 32
  FC: 51/56 | Ext: gen=13 gauss=28 graph=56 disent=56 scvi=56
  Procs: 6 | GPU: 3401 MiB, 41 %

[2026-03-06 11:12:45] Iteration 33
  FC: 51/56 | Ext: gen=13 gauss=28 graph=56 disent=56 scvi=56
  Procs: 6 | GPU: 3450 MiB, 84 %

[2026-03-06 11:17:45] Iteration 34
  FC: 51/56 | Ext: gen=13 gauss=28 graph=56 disent=56 scvi=56
  Procs: 6 | GPU: 3619 MiB, 49 %

[2026-03-06 11:22:46] Iteration 35
  FC: 51/56 | Ext: gen=13 gauss=28 graph=56 disent=56 scvi=56
  Procs: 6 | GPU: 4088 MiB, 96 %

[2026-03-06 11:27:46] Iteration 36
  FC: 51/56 | Ext: gen=13 gauss=29 graph=56 disent=56 scvi=56
  Procs: 6 | GPU: 4112 MiB, 97 %

[2026-03-06 11:32:46] Iteration 37
  FC: 51/56 | Ext: gen=14 gauss=29 graph=56 disent=56 scvi=56
  Procs: 6 | GPU: 3241 MiB, 15 %

[2026-03-06 11:37:47] Iteration 38
  FC: 51/56 | Ext: gen=14 gauss=29 graph=56 disent=56 scvi=56
  Procs: 6 | GPU: 3584 MiB, 92 %

[2026-03-06 11:42:47] Iteration 39
  FC: 51/56 | Ext: gen=14 gauss=29 graph=56 disent=56 scvi=56
  Procs: 6 | GPU: 3561 MiB, 54 %

[2026-03-06 11:47:48] Iteration 40
  FC: 51/56 | Ext: gen=14 gauss=30 graph=56 disent=56 scvi=56
  Procs: 6 | GPU: 3624 MiB, 78 %

[2026-03-06 11:52:48] Iteration 41
  FC: 52/56 | Ext: gen=14 gauss=30 graph=56 disent=56 scvi=56
  Procs: 5 | GPU: 3204 MiB, 90 %

[2026-03-06 11:57:48] Iteration 42
  FC: 53/56 | Ext: gen=14 gauss=30 graph=56 disent=56 scvi=56
  Procs: 4 | GPU: 2713 MiB, 62 %

[2026-03-06 12:02:48] Iteration 43
  FC: 55/56 | Ext: gen=14 gauss=30 graph=56 disent=56 scvi=56
  Procs: 3 | GPU: 3096 MiB, 98 %

[2026-03-06 12:07:49] Iteration 44
  FC: 55/56 | Ext: gen=15 gauss=31 graph=56 disent=56 scvi=56
  Procs: 3 | GPU: 2168 MiB, 39 %

[2026-03-06 12:12:49] Iteration 45
  FC: 55/56 | Ext: gen=15 gauss=31 graph=56 disent=56 scvi=56
  Procs: 3 | GPU: 2239 MiB, 65 %

[2026-03-06 12:17:49] Iteration 46
  FC: 55/56 | Ext: gen=15 gauss=32 graph=56 disent=56 scvi=56
  Procs: 3 | GPU: 2125 MiB, 46 %

[2026-03-06 12:22:49] Iteration 47
  FC: 55/56 | Ext: gen=15 gauss=33 graph=56 disent=56 scvi=56
  Procs: 3 | GPU: 2315 MiB, 20 %

[2026-03-06 12:27:49] Iteration 48
  FC: 55/56 | Ext: gen=15 gauss=33 graph=56 disent=56 scvi=56
  Procs: 3 | GPU: 2784 MiB, 97 %

[2026-03-06 12:32:49] Iteration 49
  FC: 55/56 | Ext: gen=16 gauss=33 graph=56 disent=56 scvi=56
  Procs: 3 | GPU: 2113 MiB, 20 %

[2026-03-06 12:37:49] Iteration 50
  FC: 55/56 | Ext: gen=16 gauss=34 graph=56 disent=56 scvi=56
  Procs: 3 | GPU: 2283 MiB, 71 %
============================================================
 WATCHDOG + RESUME PIPELINE
 Fri Mar  6 12:39:49 PM CST 2026
============================================================

[2026-03-06 12:39:49] Iteration 1
  FC: 55/56 | Ext: gen=16 gauss=34 graph=56 disent=56 scvi=56
  Procs: 3 | GPU: 2193 MiB, 49 %

[2026-03-06 12:44:49] Iteration 2
  FC: 56/56 | Ext: gen=16 gauss=34 graph=56 disent=56 scvi=56
  Procs: 2 | GPU: 1884 MiB, 85 %

[2026-03-06 12:49:49] Iteration 3
  FC: 56/56 | Ext: gen=16 gauss=35 graph=56 disent=56 scvi=56
  Procs: 2 | GPU: 2707 MiB, 98 %

[2026-03-06 12:54:49] Iteration 4
  FC: 56/56 | Ext: gen=16 gauss=36 graph=56 disent=56 scvi=56
  Procs: 2 | GPU: 3434 MiB, 39 %

[2026-03-06 12:59:49] Iteration 5
  FC: 56/56 | Ext: gen=17 gauss=36 graph=56 disent=56 scvi=56
  Procs: 2 | GPU: 1917 MiB, 73 %

[2026-03-06 13:04:49] Iteration 6
  FC: 56/56 | Ext: gen=17 gauss=36 graph=56 disent=56 scvi=56
  Procs: 2 | GPU: 1955 MiB, 77 %

[2026-03-06 13:09:49] Iteration 7
  FC: 56/56 | Ext: gen=17 gauss=37 graph=56 disent=56 scvi=56
  Procs: 2 | GPU: 2500 MiB, 97 %

[2026-03-06 13:14:49] Iteration 8
  FC: 56/56 | Ext: gen=18 gauss=37 graph=56 disent=56 scvi=56
  Procs: 2 | GPU: 1873 MiB, 0 %

[2026-03-06 13:19:50] Iteration 9
  FC: 56/56 | Ext: gen=18 gauss=38 graph=56 disent=56 scvi=56
  Procs: 2 | GPU: 1853 MiB, 77 %

[2026-03-06 13:24:50] Iteration 10
  FC: 56/56 | Ext: gen=18 gauss=39 graph=56 disent=56 scvi=56
  Procs: 2 | GPU: 2491 MiB, 96 %

[2026-03-06 13:29:50] Iteration 11
  FC: 56/56 | Ext: gen=19 gauss=40 graph=56 disent=56 scvi=56
  Procs: 2 | GPU: 1868 MiB, 29 %

[2026-03-06 13:34:50] Iteration 12
  FC: 56/56 | Ext: gen=19 gauss=41 graph=56 disent=56 scvi=56
  Procs: 2 | GPU: 1810 MiB, 28 %

[2026-03-06 13:39:50] Iteration 13
  FC: 56/56 | Ext: gen=19 gauss=42 graph=56 disent=56 scvi=56
  Procs: 2 | GPU: 2494 MiB, 96 %

[2026-03-06 13:44:50] Iteration 14
  FC: 56/56 | Ext: gen=19 gauss=43 graph=56 disent=56 scvi=56
  Procs: 2 | GPU: 2496 MiB, 0 %

[2026-03-06 13:49:50] Iteration 15
  FC: 56/56 | Ext: gen=20 gauss=43 graph=56 disent=56 scvi=56
  Procs: 2 | GPU: 1806 MiB, 0 %

[2026-03-06 13:54:51] Iteration 16
  FC: 56/56 | Ext: gen=20 gauss=44 graph=56 disent=56 scvi=56
  Procs: 2 | GPU: 1842 MiB, 77 %

[2026-03-06 13:59:51] Iteration 17
  FC: 56/56 | Ext: gen=20 gauss=45 graph=56 disent=56 scvi=56
  Procs: 2 | GPU: 2482 MiB, 96 %

[2026-03-06 14:04:51] Iteration 18
  FC: 56/56 | Ext: gen=21 gauss=46 graph=56 disent=56 scvi=56
  Procs: 2 | GPU: 1792 MiB, 1 %

[2026-03-06 14:09:51] Iteration 19
  FC: 56/56 | Ext: gen=21 gauss=47 graph=56 disent=56 scvi=56
  Procs: 2 | GPU: 1832 MiB, 27 %

[2026-03-06 14:14:51] Iteration 20
  FC: 56/56 | Ext: gen=21 gauss=48 graph=56 disent=56 scvi=56
  Procs: 2 | GPU: 2487 MiB, 96 %

[2026-03-06 14:19:51] Iteration 21
  FC: 56/56 | Ext: gen=22 gauss=48 graph=56 disent=56 scvi=56
  Procs: 2 | GPU: 1801 MiB, 3 %

[2026-03-06 14:24:51] Iteration 22
  FC: 56/56 | Ext: gen=22 gauss=49 graph=56 disent=56 scvi=56
  Procs: 2 | GPU: 1841 MiB, 79 %

[2026-03-06 14:29:51] Iteration 23
  FC: 56/56 | Ext: gen=22 gauss=50 graph=56 disent=56 scvi=56
  Procs: 2 | GPU: 2491 MiB, 96 %

[2026-03-06 14:34:51] Iteration 24
  FC: 56/56 | Ext: gen=23 gauss=51 graph=56 disent=56 scvi=56
  Procs: 2 | GPU: 1861 MiB, 0 %

[2026-03-06 14:39:51] Iteration 25
  FC: 56/56 | Ext: gen=23 gauss=52 graph=56 disent=56 scvi=56
  Procs: 2 | GPU: 1838 MiB, 82 %

[2026-03-06 14:44:52] Iteration 26
  FC: 56/56 | Ext: gen=23 gauss=53 graph=56 disent=56 scvi=56
  Procs: 2 | GPU: 2522 MiB, 98 %

[2026-03-06 14:49:52] Iteration 27
  FC: 56/56 | Ext: gen=24 gauss=53 graph=56 disent=56 scvi=56
  Procs: 2 | GPU: 1857 MiB, 21 %

[2026-03-06 14:54:52] Iteration 28
  FC: 56/56 | Ext: gen=24 gauss=54 graph=56 disent=56 scvi=56
  Procs: 2 | GPU: 1827 MiB, 45 %

[2026-03-06 14:59:52] Iteration 29
  FC: 56/56 | Ext: gen=24 gauss=55 graph=56 disent=56 scvi=56
  Procs: 2 | GPU: 1786 MiB, 49 %

[2026-03-06 15:04:52] Iteration 30
  FC: 56/56 | Ext: gen=24 gauss=55 graph=56 disent=56 scvi=56
  Procs: 2 | GPU: 2489 MiB, 93 %

[2026-03-06 15:09:52] Iteration 31
  FC: 56/56 | Ext: gen=25 gauss=56 graph=56 disent=56 scvi=56
  Procs: 1 | GPU: 1577 MiB, 58 %

[2026-03-06 15:14:52] Iteration 32
  FC: 56/56 | Ext: gen=25 gauss=56 graph=56 disent=56 scvi=56
  Procs: 1 | GPU: 1540 MiB, 45 %

[2026-03-06 15:19:52] Iteration 33
  FC: 56/56 | Ext: gen=25 gauss=56 graph=56 disent=56 scvi=56
  Procs: 1 | GPU: 2120 MiB, 96 %

[2026-03-06 15:24:52] Iteration 34
  FC: 56/56 | Ext: gen=26 gauss=56 graph=56 disent=56 scvi=56
  Procs: 1 | GPU: 1414 MiB, 43 %

[2026-03-06 15:29:52] Iteration 35
  FC: 56/56 | Ext: gen=26 gauss=56 graph=56 disent=56 scvi=56
  Procs: 1 | GPU: 1377 MiB, 47 %

[2026-03-06 15:34:52] Iteration 36
  FC: 56/56 | Ext: gen=26 gauss=56 graph=56 disent=56 scvi=56
  Procs: 1 | GPU: 2050 MiB, 96 %

[2026-03-06 15:39:52] Iteration 37
  FC: 56/56 | Ext: gen=27 gauss=56 graph=56 disent=56 scvi=56
  Procs: 1 | GPU: 1561 MiB, 9 %

[2026-03-06 15:44:52] Iteration 38
  FC: 56/56 | Ext: gen=27 gauss=56 graph=56 disent=56 scvi=56
  Procs: 1 | GPU: 1490 MiB, 22 %

[2026-03-06 15:49:53] Iteration 39
  FC: 56/56 | Ext: gen=27 gauss=56 graph=56 disent=56 scvi=56
  Procs: 1 | GPU: 2208 MiB, 96 %

[2026-03-06 15:54:53] Iteration 40
  FC: 56/56 | Ext: gen=27 gauss=56 graph=56 disent=56 scvi=56
  Procs: 1 | GPU: 2856 MiB, 98 %

[2026-03-06 15:59:53] Iteration 41
  FC: 56/56 | Ext: gen=28 gauss=56 graph=56 disent=56 scvi=56
  Procs: 1 | GPU: 2050 MiB, 99 %

[2026-03-06 16:04:53] Iteration 42
  FC: 56/56 | Ext: gen=28 gauss=56 graph=56 disent=56 scvi=56
  Procs: 1 | GPU: 2059 MiB, 99 %

[2026-03-06 16:09:53] Iteration 43
  FC: 56/56 | Ext: gen=28 gauss=56 graph=56 disent=56 scvi=56
  Procs: 1 | GPU: 2047 MiB, 97 %

[2026-03-06 16:14:53] Iteration 44
  FC: 56/56 | Ext: gen=28 gauss=56 graph=56 disent=56 scvi=56
  Procs: 1 | GPU: 2199 MiB, 97 %

[2026-03-06 16:19:53] Iteration 45
  FC: 56/56 | Ext: gen=29 gauss=56 graph=56 disent=56 scvi=56
  Procs: 1 | GPU: 1645 MiB, 35 %

[2026-03-06 16:24:53] Iteration 46
  FC: 56/56 | Ext: gen=29 gauss=56 graph=56 disent=56 scvi=56
  Procs: 1 | GPU: 1537 MiB, 55 %

[2026-03-06 16:29:53] Iteration 47
  FC: 56/56 | Ext: gen=29 gauss=56 graph=56 disent=56 scvi=56
  Procs: 1 | GPU: 2190 MiB, 97 %

[2026-03-06 16:34:53] Iteration 48
  FC: 56/56 | Ext: gen=30 gauss=56 graph=56 disent=56 scvi=56
  Procs: 1 | GPU: 1521 MiB, 34 %

[2026-03-06 16:39:53] Iteration 49
  FC: 56/56 | Ext: gen=30 gauss=56 graph=56 disent=56 scvi=56
  Procs: 1 | GPU: 1521 MiB, 57 %

[2026-03-06 16:44:53] Iteration 50
  FC: 56/56 | Ext: gen=30 gauss=56 graph=56 disent=56 scvi=56
  Procs: 1 | GPU: 2126 MiB, 97 %

[2026-03-06 16:49:53] Iteration 51
  FC: 56/56 | Ext: gen=31 gauss=56 graph=56 disent=56 scvi=56
  Procs: 1 | GPU: 1141 MiB, 6 %

[2026-03-06 16:54:53] Iteration 52
  FC: 56/56 | Ext: gen=31 gauss=56 graph=56 disent=56 scvi=56
  Procs: 1 | GPU: 1812 MiB, 96 %

[2026-03-06 16:59:54] Iteration 53
  FC: 56/56 | Ext: gen=32 gauss=56 graph=56 disent=56 scvi=56
  Procs: 1 | GPU: 1460 MiB, 53 %

[2026-03-06 17:04:54] Iteration 54
  FC: 56/56 | Ext: gen=32 gauss=56 graph=56 disent=56 scvi=56
  Procs: 1 | GPU: 1238 MiB, 50 %

[2026-03-06 17:09:54] Iteration 55
  FC: 56/56 | Ext: gen=32 gauss=56 graph=56 disent=56 scvi=56
  Procs: 1 | GPU: 1953 MiB, 94 %

[2026-03-06 17:14:54] Iteration 56
  FC: 56/56 | Ext: gen=33 gauss=56 graph=56 disent=56 scvi=56
  Procs: 1 | GPU: 1140 MiB, 36 %

[2026-03-06 17:19:54] Iteration 57
  FC: 56/56 | Ext: gen=33 gauss=56 graph=56 disent=56 scvi=56
  Procs: 1 | GPU: 2064 MiB, 98 %

[2026-03-06 17:24:54] Iteration 58
  FC: 56/56 | Ext: gen=33 gauss=56 graph=56 disent=56 scvi=56
  Procs: 1 | GPU: 1920 MiB, 97 %

[2026-03-06 17:29:54] Iteration 59
  FC: 56/56 | Ext: gen=34 gauss=56 graph=56 disent=56 scvi=56
  Procs: 1 | GPU: 1340 MiB, 48 %
